{
  "RSpec": {
    "coverage": {
      "/Users/glykeriastravodimou/MakersAcademy/Afternoon_challenges/bookmarks/spec/bookmark_spec.rb": {
        "lines": [
          1,
          1,
          null,
          null,
          1,
          null,
          1,
          1,
          1,
          null,
          1,
          1,
          1,
          null,
          1,
          null,
          1,
          1,
          1,
          1,
          1,
          null,
          null,
          null,
          1,
          1,
          1,
          1,
          null,
          1,
          1,
          1,
          1,
          null,
          null,
          null,
          1,
          1,
          1,
          1,
          null,
          1,
          null,
          null,
          null,
          1,
          1,
          1,
          1,
          1,
          1,
          1,
          1,
          null,
          null,
          null
        ]
      },
      "/Users/glykeriastravodimou/MakersAcademy/Afternoon_challenges/bookmarks/spec/database_helpers.rb": {
        "lines": [
          1,
          null,
          1,
          1,
          1,
          1,
          null
        ]
      },
      "/Users/glykeriastravodimou/MakersAcademy/Afternoon_challenges/bookmarks/spec/feature/adding_bookmarks_spec.rb": {
        "lines": [
          1,
          1,
          1,
          1,
          1,
          null,
          null,
          1,
          1,
          1,
          1,
          1,
          1,
          null,
          null
        ]
      },
      "/Users/glykeriastravodimou/MakersAcademy/Afternoon_challenges/bookmarks/spec/feature/bookmarks_page_spec.rb": {
        "lines": [
          1,
          null,
          1,
          1,
          null,
          1,
          null,
          1,
          1,
          1,
          null,
          1,
          null,
          1,
          1,
          1,
          null,
          null,
          null
        ]
      },
      "/Users/glykeriastravodimou/MakersAcademy/Afternoon_challenges/bookmarks/spec/feature/delete_a_bookmark_spec.rb": {
        "lines": [
          1,
          1,
          1,
          1,
          1,
          null,
          1,
          null,
          1,
          null,
          null
        ]
      },
      "/Users/glykeriastravodimou/MakersAcademy/Afternoon_challenges/bookmarks/spec/feature/simple_index_spec.rb": {
        "lines": [
          1,
          1,
          1,
          1,
          null,
          null
        ]
      },
      "/Users/glykeriastravodimou/MakersAcademy/Afternoon_challenges/bookmarks/spec/feature/update_a_bookmark_spec.rb": {
        "lines": [
          1,
          1,
          1,
          1,
          1,
          null,
          1,
          1,
          1,
          null,
          1,
          1,
          1,
          1,
          0,
          0,
          null,
          null
        ]
      }
    },
    "timestamp": 1611856650
  }
}
